[debug] [2023-07-22T12:01:56.684Z] ----------------------------------------------------------------------
[debug] [2023-07-22T12:01:56.701Z] Command:       C:\Program Files\nodejs\node.exe C:\Users\thiba\AppData\Roaming\npm\node_modules\firebase-tools\lib\bin\firebase.js init
[debug] [2023-07-22T12:01:56.703Z] CLI Version:   12.4.5
[debug] [2023-07-22T12:01:56.703Z] Platform:      win32
[debug] [2023-07-22T12:01:56.704Z] Node Version:  v18.12.1
[debug] [2023-07-22T12:01:56.706Z] Time:          Sat Jul 22 2023 14:01:56 GMT+0200 (heure d’été d’Europe centrale)
[debug] [2023-07-22T12:01:56.706Z] ----------------------------------------------------------------------
[debug] 
[debug] [2023-07-22T12:01:56.718Z] > command requires scopes: ["email","openid","https://www.googleapis.com/auth/cloudplatformprojects.readonly","https://www.googleapis.com/auth/firebase","https://www.googleapis.com/auth/cloud-platform"]
[debug] [2023-07-22T12:01:56.719Z] > authorizing via signed-in user (thibaultaxil@gmail.com)
[info] 
     ######## #### ########  ######## ########     ###     ######  ########
     ##        ##  ##     ## ##       ##     ##  ##   ##  ##       ##
     ######    ##  ########  ######   ########  #########  ######  ######
     ##        ##  ##    ##  ##       ##     ## ##     ##       ## ##
     ##       #### ##     ## ######## ########  ##     ##  ######  ########

You're about to initialize a Firebase project in this directory:

  C:\Users\thiba\Desktop\Carbones\POC_project

[info] 
=== Project Setup
[info] 
[info] First, let's associate this project directory with a Firebase project.
[info] You can create multiple project aliases by running firebase use --add, 
[info] but for now we'll just set up a default project.
[info] 
[debug] [2023-07-22T12:02:03.039Z] >>> [apiv2][query] GET https://firebase.googleapis.com/v1beta1/projects pageSize=100
[debug] [2023-07-22T12:02:03.746Z] <<< [apiv2][status] GET https://firebase.googleapis.com/v1beta1/projects 200
[debug] [2023-07-22T12:02:03.749Z] <<< [apiv2][body] GET https://firebase.googleapis.com/v1beta1/projects [omitted]
[info] i  Using project car-bones (car-bones) 
[info] 
=== Hosting Setup
[info] 
[info] Your public directory is the folder (relative to your project directory) that
[info] will contain Hosting assets to be uploaded with firebase deploy. If you
[info] have a build process for your assets, use your build's output directory.
[info] 
[debug] [2023-07-22T12:02:52.145Z] >>> [apiv2][query] GET https://www.gstatic.com/firebasejs/releases.json [none]
[debug] [2023-07-22T12:02:52.404Z] <<< [apiv2][status] GET https://www.gstatic.com/firebasejs/releases.json 200
[debug] [2023-07-22T12:02:52.404Z] <<< [apiv2][body] GET https://www.gstatic.com/firebasejs/releases.json {"current":{"version":"10.1.0","browserURL":"https://www.gstatic.com/firebasejs/10.1.0/firebase.js","packageURL":"https://www.gstatic.com/firebasejs/10.1.0/firebase.tgz"},"live":{"version":"10.1","browserURL":"https://www.gstatic.com/firebasejs/live/10.1/firebase.js","packageURL":"https://www.gstatic.com/firebasejs/live/10.1/firebase.tgz"},"components":{"analytics":"https://www.gstatic.com/firebasejs/10.1.0/firebase-analytics.js","app":"https://www.gstatic.com/firebasejs/10.1.0/firebase-app.js","app-check":"https://www.gstatic.com/firebasejs/10.1.0/firebase-app-check.js","auth":"https://www.gstatic.com/firebasejs/10.1.0/firebase-auth.js","auth/cordova":"https://www.gstatic.com/firebasejs/10.1.0/firebase-auth/cordova.js","functions":"https://www.gstatic.com/firebasejs/10.1.0/firebase-functions.js","firestore":"https://www.gstatic.com/firebasejs/10.1.0/firebase-firestore.js","firestore/lite":"https://www.gstatic.com/firebasejs/10.1.0/firebase-firestore/lite.js","installations":"https://www.gstatic.com/firebasejs/10.1.0/firebase-installations.js","storage":"https://www.gstatic.com/firebasejs/10.1.0/firebase-storage.js","performance":"https://www.gstatic.com/firebasejs/10.1.0/firebase-performance.js","remote-config":"https://www.gstatic.com/firebasejs/10.1.0/firebase-remote-config.js","messaging":"https://www.gstatic.com/firebasejs/10.1.0/firebase-messaging.js","messaging/sw":"https://www.gstatic.com/firebasejs/10.1.0/firebase-messaging/sw.js","database":"https://www.gstatic.com/firebasejs/10.1.0/firebase-database.js","firestore.memory":"https://www.gstatic.com/firebasejs/10.1.0/firebase-firestore.memory.js"}}
[info] +  Wrote public/index.html 
[info] 
[info] i  Didn't detect a .git folder. Assuming C:\Users\thiba\Desktop\Carbones\POC_project is the project root. 
[info] i  Authorizing with GitHub to upload your service account to a GitHub repository's secrets store. 
[info] 
[info] Visit this URL on this device to log in:
[info] https://github.com/login/oauth/authorize?client_id=89cf50f02ac6aaed3484&state=808742406&redirect_uri=http%3A%2F%2Flocalhost%3A9005&scope=read%3Auser%20repo%20public_repo
[info] 
[info] Waiting for authentication...
[debug] [2023-07-22T12:02:54.556Z] >>> [apiv2][query] POST https://github.com/login/oauth/access_token [none]
[debug] [2023-07-22T12:02:54.556Z] >>> [apiv2][body] POST https://github.com/login/oauth/access_token [stream]
[debug] [2023-07-22T12:02:54.967Z] <<< [apiv2][status] POST https://github.com/login/oauth/access_token 200
[debug] [2023-07-22T12:02:54.967Z] <<< [apiv2][body] POST https://github.com/login/oauth/access_token {"access_token":"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","token_type":"bearer","scope":"read:user,repo"}
[debug] [2023-07-22T12:02:54.979Z] >>> [apiv2][query] GET https://api.github.com/user [none]
[debug] [2023-07-22T12:02:55.405Z] <<< [apiv2][status] GET https://api.github.com/user 200
[debug] [2023-07-22T12:02:55.408Z] <<< [apiv2][body] GET https://api.github.com/user {"login":"thibTax","id":75098638,"node_id":"MDQ6VXNlcjc1MDk4NjM4","avatar_url":"https://avatars.githubusercontent.com/u/75098638?v=4","gravatar_id":"","url":"https://api.github.com/users/thibTax","html_url":"https://github.com/thibTax","followers_url":"https://api.github.com/users/thibTax/followers","following_url":"https://api.github.com/users/thibTax/following{/other_user}","gists_url":"https://api.github.com/users/thibTax/gists{/gist_id}","starred_url":"https://api.github.com/users/thibTax/starred{/owner}{/repo}","subscriptions_url":"https://api.github.com/users/thibTax/subscriptions","organizations_url":"https://api.github.com/users/thibTax/orgs","repos_url":"https://api.github.com/users/thibTax/repos","events_url":"https://api.github.com/users/thibTax/events{/privacy}","received_events_url":"https://api.github.com/users/thibTax/received_events","type":"User","site_admin":false,"name":"Load","company":null,"blog":"","location":null,"email":null,"hireable":null,"bio":null,"twitter_username":null,"public_repos":7,"public_gists":1,"followers":0,"following":2,"created_at":"2020-11-26T22:13:36Z","updated_at":"2023-07-20T17:03:12Z","private_gists":0,"total_private_repos":2,"owned_private_repos":2,"disk_usage":211262,"collaborators":2,"two_factor_authentication":false,"plan":{"name":"free","space":976562499,"collaborators":0,"private_repos":10000}}
[info] 
[info] +  Success! Logged into GitHub as thibTax 
[info] 
[debug] [2023-07-22T12:03:24.202Z] >>> [apiv2][query] GET https://api.github.com/repos//actions/secrets/public-key type=owner
[debug] [2023-07-22T12:03:24.590Z] <<< [apiv2][status] GET https://api.github.com/repos//actions/secrets/public-key 404
[debug] [2023-07-22T12:03:24.590Z] <<< [apiv2][body] GET https://api.github.com/repos//actions/secrets/public-key {"message":"Not Found","documentation_url":"https://docs.github.com/rest"}
[info] 
[info] 
[error] !  The provided authorization cannot be used with this repository. If this repository is in an organization, did you remember to grant access? 
[info] 
[info] i  Action required: Visit this URL to ensure access has been granted to the appropriate organization(s) for the Firebase CLI GitHub OAuth App: 
[info] https://github.com/settings/connections/applications/89cf50f02ac6aaed3484
[info] 
[debug] [2023-07-22T12:05:22.726Z] >>> [apiv2][query] GET https://api.github.com/repos/car-bones/actions/secrets/public-key type=owner
[debug] [2023-07-22T12:05:23.135Z] <<< [apiv2][status] GET https://api.github.com/repos/car-bones/actions/secrets/public-key 404
[debug] [2023-07-22T12:05:23.136Z] <<< [apiv2][body] GET https://api.github.com/repos/car-bones/actions/secrets/public-key {"message":"Not Found","documentation_url":"https://docs.github.com/rest"}
[info] 
[info] 
[error] !  The provided authorization cannot be used with this repository. If this repository is in an organization, did you remember to grant access? 
[info] 
[info] i  Action required: Visit this URL to ensure access has been granted to the appropriate organization(s) for the Firebase CLI GitHub OAuth App: 
[info] https://github.com/settings/connections/applications/89cf50f02ac6aaed3484
[info] 
