[debug] [2023-07-18T19:50:58.976Z] ----------------------------------------------------------------------
[debug] [2023-07-18T19:50:58.978Z] Command:       C:\Program Files\nodejs\node.exe C:\Users\thiba\AppData\Roaming\npm\node_modules\firebase-tools\lib\bin\firebase.js init
[debug] [2023-07-18T19:50:58.979Z] CLI Version:   12.4.4
[debug] [2023-07-18T19:50:58.979Z] Platform:      win32
[debug] [2023-07-18T19:50:58.980Z] Node Version:  v18.12.1
[debug] [2023-07-18T19:50:58.981Z] Time:          Tue Jul 18 2023 21:50:58 GMT+0200 (heure d’été d’Europe centrale)
[debug] [2023-07-18T19:50:58.981Z] ----------------------------------------------------------------------
[debug] 
[debug] [2023-07-18T19:50:58.989Z] > command requires scopes: ["email","openid","https://www.googleapis.com/auth/cloudplatformprojects.readonly","https://www.googleapis.com/auth/firebase","https://www.googleapis.com/auth/cloud-platform"]
[debug] [2023-07-18T19:50:58.989Z] > authorizing via signed-in user (thibaultaxil@gmail.com)
[info] 
     ######## #### ########  ######## ########     ###     ######  ########
     ##        ##  ##     ## ##       ##     ##  ##   ##  ##       ##
     ######    ##  ########  ######   ########  #########  ######  ######
     ##        ##  ##    ##  ##       ##     ## ##     ##       ## ##
     ##       #### ##     ## ######## ########  ##     ##  ######  ########

You're about to initialize a Firebase project in this directory:

  C:\Users\thiba\Desktop\POC_project\carbone_poc

[info] 
=== Project Setup
[info] 
[info] First, let's associate this project directory with a Firebase project.
[info] You can create multiple project aliases by running firebase use --add, 
[info] but for now we'll just set up a default project.
[info] 
[debug] [2023-07-18T19:51:15.600Z] > refreshing access token with scopes: []
[debug] [2023-07-18T19:51:15.605Z] >>> [apiv2][query] POST https://www.googleapis.com/oauth2/v3/token [none]
[debug] [2023-07-18T19:51:15.605Z] >>> [apiv2][body] POST https://www.googleapis.com/oauth2/v3/token [omitted]
[debug] [2023-07-18T19:51:15.911Z] <<< [apiv2][status] POST https://www.googleapis.com/oauth2/v3/token 400
[debug] [2023-07-18T19:51:15.911Z] <<< [apiv2][body] POST https://www.googleapis.com/oauth2/v3/token [omitted]
[debug] [2023-07-18T19:51:15.912Z] >>> [apiv2][query] GET https://firebase.googleapis.com/v1beta1/projects pageSize=100
[debug] [2023-07-18T19:51:16.135Z] <<< [apiv2][status] GET https://firebase.googleapis.com/v1beta1/projects 401
[debug] [2023-07-18T19:51:16.135Z] <<< [apiv2][body] GET https://firebase.googleapis.com/v1beta1/projects [omitted]
[debug] [2023-07-18T19:51:16.136Z] HTTP Error: 401, Request had invalid authentication credentials. Expected OAuth 2 access token, login cookie or other valid authentication credential. See https://developers.google.com/identity/sign-in/web/devconsole-project.
[debug] [2023-07-18T19:51:16.137Z] FirebaseError: HTTP Error: 401, Request had invalid authentication credentials. Expected OAuth 2 access token, login cookie or other valid authentication credential. See https://developers.google.com/identity/sign-in/web/devconsole-project.
    at responseToError (C:\Users\thiba\AppData\Roaming\npm\node_modules\firebase-tools\lib\responseToError.js:49:12)
    at RetryOperation._fn (C:\Users\thiba\AppData\Roaming\npm\node_modules\firebase-tools\lib\apiv2.js:289:77)
    at process.processTicksAndRejections (node:internal/process/task_queues:95:5)
[error] 
[error] Error: Failed to list Firebase projects. See firebase-debug.log for more info.
[debug] [2023-07-18T19:52:09.160Z] ----------------------------------------------------------------------
[debug] [2023-07-18T19:52:09.162Z] Command:       C:\Program Files\nodejs\node.exe C:\Users\thiba\AppData\Roaming\npm\node_modules\firebase-tools\lib\bin\firebase.js init
[debug] [2023-07-18T19:52:09.163Z] CLI Version:   12.4.4
[debug] [2023-07-18T19:52:09.163Z] Platform:      win32
[debug] [2023-07-18T19:52:09.163Z] Node Version:  v18.12.1
[debug] [2023-07-18T19:52:09.164Z] Time:          Tue Jul 18 2023 21:52:09 GMT+0200 (heure d’été d’Europe centrale)
[debug] [2023-07-18T19:52:09.165Z] ----------------------------------------------------------------------
[debug] 
[debug] [2023-07-18T19:52:09.173Z] > command requires scopes: ["email","openid","https://www.googleapis.com/auth/cloudplatformprojects.readonly","https://www.googleapis.com/auth/firebase","https://www.googleapis.com/auth/cloud-platform"]
[debug] [2023-07-18T19:52:09.173Z] > authorizing via signed-in user (thibaultaxil@gmail.com)
[info] 
     ######## #### ########  ######## ########     ###     ######  ########
     ##        ##  ##     ## ##       ##     ##  ##   ##  ##       ##
     ######    ##  ########  ######   ########  #########  ######  ######
     ##        ##  ##    ##  ##       ##     ## ##     ##       ## ##
     ##       #### ##     ## ######## ########  ##     ##  ######  ########

You're about to initialize a Firebase project in this directory:

  C:\Users\thiba\Desktop\POC_project\carbone_poc

[info] 
=== Project Setup
[info] 
[info] First, let's associate this project directory with a Firebase project.
[info] You can create multiple project aliases by running firebase use --add, 
[info] but for now we'll just set up a default project.
[info] 
[debug] [2023-07-18T19:52:22.234Z] > refreshing access token with scopes: []
[debug] [2023-07-18T19:52:22.238Z] >>> [apiv2][query] POST https://www.googleapis.com/oauth2/v3/token [none]
[debug] [2023-07-18T19:52:22.238Z] >>> [apiv2][body] POST https://www.googleapis.com/oauth2/v3/token [omitted]
[debug] [2023-07-18T19:52:22.747Z] <<< [apiv2][status] POST https://www.googleapis.com/oauth2/v3/token 400
[debug] [2023-07-18T19:52:22.747Z] <<< [apiv2][body] POST https://www.googleapis.com/oauth2/v3/token [omitted]
[debug] [2023-07-18T19:52:22.748Z] >>> [apiv2][query] GET https://firebase.googleapis.com/v1beta1/projects pageSize=100
[debug] [2023-07-18T19:52:22.961Z] <<< [apiv2][status] GET https://firebase.googleapis.com/v1beta1/projects 401
[debug] [2023-07-18T19:52:22.962Z] <<< [apiv2][body] GET https://firebase.googleapis.com/v1beta1/projects [omitted]
[debug] [2023-07-18T19:52:22.964Z] HTTP Error: 401, Request had invalid authentication credentials. Expected OAuth 2 access token, login cookie or other valid authentication credential. See https://developers.google.com/identity/sign-in/web/devconsole-project.
[debug] [2023-07-18T19:52:22.968Z] FirebaseError: HTTP Error: 401, Request had invalid authentication credentials. Expected OAuth 2 access token, login cookie or other valid authentication credential. See https://developers.google.com/identity/sign-in/web/devconsole-project.
    at responseToError (C:\Users\thiba\AppData\Roaming\npm\node_modules\firebase-tools\lib\responseToError.js:49:12)
    at RetryOperation._fn (C:\Users\thiba\AppData\Roaming\npm\node_modules\firebase-tools\lib\apiv2.js:289:77)
    at process.processTicksAndRejections (node:internal/process/task_queues:95:5)
[error] 
[error] Error: Failed to list Firebase projects. See firebase-debug.log for more info.
[debug] [2023-07-18T19:58:59.833Z] ----------------------------------------------------------------------
[debug] [2023-07-18T19:58:59.835Z] Command:       C:\Program Files\nodejs\node.exe C:\Users\thiba\AppData\Roaming\npm\node_modules\firebase-tools\lib\bin\firebase.js init
[debug] [2023-07-18T19:58:59.835Z] CLI Version:   12.4.4
[debug] [2023-07-18T19:58:59.836Z] Platform:      win32
[debug] [2023-07-18T19:58:59.836Z] Node Version:  v18.12.1
[debug] [2023-07-18T19:58:59.837Z] Time:          Tue Jul 18 2023 21:58:59 GMT+0200 (heure d’été d’Europe centrale)
[debug] [2023-07-18T19:58:59.837Z] ----------------------------------------------------------------------
[debug] 
[debug] [2023-07-18T19:58:59.847Z] > command requires scopes: ["email","openid","https://www.googleapis.com/auth/cloudplatformprojects.readonly","https://www.googleapis.com/auth/firebase","https://www.googleapis.com/auth/cloud-platform"]
[debug] [2023-07-18T19:58:59.848Z] > authorizing via signed-in user (thibaultaxil@gmail.com)
[info] 
     ######## #### ########  ######## ########     ###     ######  ########
     ##        ##  ##     ## ##       ##     ##  ##   ##  ##       ##
     ######    ##  ########  ######   ########  #########  ######  ######
     ##        ##  ##    ##  ##       ##     ## ##     ##       ## ##
     ##       #### ##     ## ######## ########  ##     ##  ######  ########

You're about to initialize a Firebase project in this directory:

  C:\Users\thiba\Desktop\POC_project\carbone_poc

[info] 
=== Project Setup
[info] 
[info] First, let's associate this project directory with a Firebase project.
[info] You can create multiple project aliases by running firebase use --add, 
[info] but for now we'll just set up a default project.
[info] 
[debug] [2023-07-18T19:59:05.736Z] > refreshing access token with scopes: []
[debug] [2023-07-18T19:59:05.739Z] >>> [apiv2][query] POST https://www.googleapis.com/oauth2/v3/token [none]
[debug] [2023-07-18T19:59:05.740Z] >>> [apiv2][body] POST https://www.googleapis.com/oauth2/v3/token [omitted]
[debug] [2023-07-18T19:59:06.216Z] <<< [apiv2][status] POST https://www.googleapis.com/oauth2/v3/token 400
[debug] [2023-07-18T19:59:06.216Z] <<< [apiv2][body] POST https://www.googleapis.com/oauth2/v3/token [omitted]
[debug] [2023-07-18T19:59:06.218Z] >>> [apiv2][query] GET https://firebase.googleapis.com/v1beta1/projects pageSize=100
[debug] [2023-07-18T19:59:06.574Z] <<< [apiv2][status] GET https://firebase.googleapis.com/v1beta1/projects 401
[debug] [2023-07-18T19:59:06.574Z] <<< [apiv2][body] GET https://firebase.googleapis.com/v1beta1/projects [omitted]
[debug] [2023-07-18T19:59:06.575Z] HTTP Error: 401, Request had invalid authentication credentials. Expected OAuth 2 access token, login cookie or other valid authentication credential. See https://developers.google.com/identity/sign-in/web/devconsole-project.
[debug] [2023-07-18T19:59:06.577Z] FirebaseError: HTTP Error: 401, Request had invalid authentication credentials. Expected OAuth 2 access token, login cookie or other valid authentication credential. See https://developers.google.com/identity/sign-in/web/devconsole-project.
    at responseToError (C:\Users\thiba\AppData\Roaming\npm\node_modules\firebase-tools\lib\responseToError.js:49:12)
    at RetryOperation._fn (C:\Users\thiba\AppData\Roaming\npm\node_modules\firebase-tools\lib\apiv2.js:289:77)
    at process.processTicksAndRejections (node:internal/process/task_queues:95:5)
[error] 
[error] Error: Failed to list Firebase projects. See firebase-debug.log for more info.
[debug] [2023-07-18T20:01:37.497Z] ----------------------------------------------------------------------
[debug] [2023-07-18T20:01:37.500Z] Command:       C:\Program Files\nodejs\node.exe C:\Users\thiba\AppData\Roaming\npm\node_modules\firebase-tools\lib\bin\firebase.js init
[debug] [2023-07-18T20:01:37.500Z] CLI Version:   12.4.4
[debug] [2023-07-18T20:01:37.501Z] Platform:      win32
[debug] [2023-07-18T20:01:37.501Z] Node Version:  v18.12.1
[debug] [2023-07-18T20:01:37.502Z] Time:          Tue Jul 18 2023 22:01:37 GMT+0200 (heure d’été d’Europe centrale)
[debug] [2023-07-18T20:01:37.503Z] ----------------------------------------------------------------------
[debug] 
[debug] [2023-07-18T20:01:37.513Z] > command requires scopes: ["email","openid","https://www.googleapis.com/auth/cloudplatformprojects.readonly","https://www.googleapis.com/auth/firebase","https://www.googleapis.com/auth/cloud-platform"]
[debug] [2023-07-18T20:01:37.514Z] > authorizing via signed-in user (thibaultaxil@gmail.com)
[info] 
     ######## #### ########  ######## ########     ###     ######  ########
     ##        ##  ##     ## ##       ##     ##  ##   ##  ##       ##
     ######    ##  ########  ######   ########  #########  ######  ######
     ##        ##  ##    ##  ##       ##     ## ##     ##       ## ##
     ##       #### ##     ## ######## ########  ##     ##  ######  ########

You're about to initialize a Firebase project in this directory:

  C:\Users\thiba\Desktop\POC_project\carbone_poc

[info] 
=== Project Setup
[info] 
[info] First, let's associate this project directory with a Firebase project.
[info] You can create multiple project aliases by running firebase use --add, 
[info] but for now we'll just set up a default project.
[info] 
[debug] [2023-07-18T20:01:55.536Z] > refreshing access token with scopes: []
[debug] [2023-07-18T20:01:55.539Z] >>> [apiv2][query] POST https://www.googleapis.com/oauth2/v3/token [none]
[debug] [2023-07-18T20:01:55.539Z] >>> [apiv2][body] POST https://www.googleapis.com/oauth2/v3/token [omitted]
[debug] [2023-07-18T20:01:55.879Z] <<< [apiv2][status] POST https://www.googleapis.com/oauth2/v3/token 400
[debug] [2023-07-18T20:01:55.879Z] <<< [apiv2][body] POST https://www.googleapis.com/oauth2/v3/token [omitted]
[debug] [2023-07-18T20:01:55.880Z] >>> [apiv2][query] GET https://firebase.googleapis.com/v1beta1/projects pageSize=100
[debug] [2023-07-18T20:01:56.117Z] <<< [apiv2][status] GET https://firebase.googleapis.com/v1beta1/projects 401
[debug] [2023-07-18T20:01:56.117Z] <<< [apiv2][body] GET https://firebase.googleapis.com/v1beta1/projects [omitted]
[debug] [2023-07-18T20:01:56.117Z] HTTP Error: 401, Request had invalid authentication credentials. Expected OAuth 2 access token, login cookie or other valid authentication credential. See https://developers.google.com/identity/sign-in/web/devconsole-project.
[debug] [2023-07-18T20:01:56.118Z] FirebaseError: HTTP Error: 401, Request had invalid authentication credentials. Expected OAuth 2 access token, login cookie or other valid authentication credential. See https://developers.google.com/identity/sign-in/web/devconsole-project.
    at responseToError (C:\Users\thiba\AppData\Roaming\npm\node_modules\firebase-tools\lib\responseToError.js:49:12)
    at RetryOperation._fn (C:\Users\thiba\AppData\Roaming\npm\node_modules\firebase-tools\lib\apiv2.js:289:77)
    at process.processTicksAndRejections (node:internal/process/task_queues:95:5)
[error] 
[error] Error: Failed to list Firebase projects. See firebase-debug.log for more info.
[debug] [2023-07-18T20:07:58.400Z] ----------------------------------------------------------------------
[debug] [2023-07-18T20:07:58.403Z] Command:       C:\Program Files\nodejs\node.exe C:\Users\thiba\AppData\Roaming\npm\node_modules\firebase-tools\lib\bin\firebase.js init
[debug] [2023-07-18T20:07:58.404Z] CLI Version:   12.4.4
[debug] [2023-07-18T20:07:58.404Z] Platform:      win32
[debug] [2023-07-18T20:07:58.405Z] Node Version:  v18.12.1
[debug] [2023-07-18T20:07:58.406Z] Time:          Tue Jul 18 2023 22:07:58 GMT+0200 (heure d’été d’Europe centrale)
[debug] [2023-07-18T20:07:58.406Z] ----------------------------------------------------------------------
[debug] 
[debug] [2023-07-18T20:07:58.416Z] > command requires scopes: ["email","openid","https://www.googleapis.com/auth/cloudplatformprojects.readonly","https://www.googleapis.com/auth/firebase","https://www.googleapis.com/auth/cloud-platform"]
[debug] [2023-07-18T20:07:58.417Z] > authorizing via signed-in user (thibaultaxil@gmail.com)
[info] 
     ######## #### ########  ######## ########     ###     ######  ########
     ##        ##  ##     ## ##       ##     ##  ##   ##  ##       ##
     ######    ##  ########  ######   ########  #########  ######  ######
     ##        ##  ##    ##  ##       ##     ## ##     ##       ## ##
     ##       #### ##     ## ######## ########  ##     ##  ######  ########

You're about to initialize a Firebase project in this directory:

  C:\Users\thiba\Desktop\POC_project\carbone_poc

[info] 
=== Project Setup
[info] 
[info] First, let's associate this project directory with a Firebase project.
[info] You can create multiple project aliases by running firebase use --add, 
[info] but for now we'll just set up a default project.
[info] 
[debug] [2023-07-18T20:08:04.433Z] > refreshing access token with scopes: []
[debug] [2023-07-18T20:08:04.438Z] >>> [apiv2][query] POST https://www.googleapis.com/oauth2/v3/token [none]
[debug] [2023-07-18T20:08:04.438Z] >>> [apiv2][body] POST https://www.googleapis.com/oauth2/v3/token [omitted]
[debug] [2023-07-18T20:08:04.793Z] <<< [apiv2][status] POST https://www.googleapis.com/oauth2/v3/token 400
[debug] [2023-07-18T20:08:04.794Z] <<< [apiv2][body] POST https://www.googleapis.com/oauth2/v3/token [omitted]
[debug] [2023-07-18T20:08:04.794Z] >>> [apiv2][query] GET https://firebase.googleapis.com/v1beta1/projects pageSize=100
[debug] [2023-07-18T20:08:05.066Z] <<< [apiv2][status] GET https://firebase.googleapis.com/v1beta1/projects 401
[debug] [2023-07-18T20:08:05.066Z] <<< [apiv2][body] GET https://firebase.googleapis.com/v1beta1/projects [omitted]
[debug] [2023-07-18T20:08:05.067Z] HTTP Error: 401, Request had invalid authentication credentials. Expected OAuth 2 access token, login cookie or other valid authentication credential. See https://developers.google.com/identity/sign-in/web/devconsole-project.
[debug] [2023-07-18T20:08:05.068Z] FirebaseError: HTTP Error: 401, Request had invalid authentication credentials. Expected OAuth 2 access token, login cookie or other valid authentication credential. See https://developers.google.com/identity/sign-in/web/devconsole-project.
    at responseToError (C:\Users\thiba\AppData\Roaming\npm\node_modules\firebase-tools\lib\responseToError.js:49:12)
    at RetryOperation._fn (C:\Users\thiba\AppData\Roaming\npm\node_modules\firebase-tools\lib\apiv2.js:289:77)
    at process.processTicksAndRejections (node:internal/process/task_queues:95:5)
[error] 
[error] Error: Failed to list Firebase projects. See firebase-debug.log for more info.
[debug] [2023-07-18T20:10:35.084Z] ----------------------------------------------------------------------
[debug] [2023-07-18T20:10:35.087Z] Command:       C:\Program Files\nodejs\node.exe C:\Users\thiba\AppData\Roaming\npm\node_modules\firebase-tools\lib\bin\firebase.js init
[debug] [2023-07-18T20:10:35.088Z] CLI Version:   12.4.4
[debug] [2023-07-18T20:10:35.088Z] Platform:      win32
[debug] [2023-07-18T20:10:35.088Z] Node Version:  v18.12.1
[debug] [2023-07-18T20:10:35.102Z] Time:          Tue Jul 18 2023 22:10:35 GMT+0200 (heure d’été d’Europe centrale)
[debug] [2023-07-18T20:10:35.102Z] ----------------------------------------------------------------------
[debug] 
[debug] [2023-07-18T20:10:35.114Z] > command requires scopes: ["email","openid","https://www.googleapis.com/auth/cloudplatformprojects.readonly","https://www.googleapis.com/auth/firebase","https://www.googleapis.com/auth/cloud-platform"]
[debug] [2023-07-18T20:10:35.115Z] > authorizing via signed-in user (thibaultaxil@gmail.com)
[info] 
     ######## #### ########  ######## ########     ###     ######  ########
     ##        ##  ##     ## ##       ##     ##  ##   ##  ##       ##
     ######    ##  ########  ######   ########  #########  ######  ######
     ##        ##  ##    ##  ##       ##     ## ##     ##       ## ##
     ##       #### ##     ## ######## ########  ##     ##  ######  ########

You're about to initialize a Firebase project in this directory:

  C:\Users\thiba\Desktop\POC_project\carbone_poc

[info] 
=== Project Setup
[info] 
[info] First, let's associate this project directory with a Firebase project.
[info] You can create multiple project aliases by running firebase use --add, 
[info] but for now we'll just set up a default project.
[info] 
[info] i  If you want to create a project in a Google Cloud organization or folder, please use "firebase projects:create" instead, and return to this command when you've created the project. 
[debug] [2023-07-18T20:11:42.932Z] > refreshing access token with scopes: []
[debug] [2023-07-18T20:11:42.938Z] >>> [apiv2][query] POST https://www.googleapis.com/oauth2/v3/token [none]
[debug] [2023-07-18T20:11:42.938Z] >>> [apiv2][body] POST https://www.googleapis.com/oauth2/v3/token [omitted]
[debug] [2023-07-18T20:11:43.443Z] <<< [apiv2][status] POST https://www.googleapis.com/oauth2/v3/token 400
[debug] [2023-07-18T20:11:43.444Z] <<< [apiv2][body] POST https://www.googleapis.com/oauth2/v3/token [omitted]
[debug] [2023-07-18T20:11:43.445Z] >>> [apiv2][query] POST https://cloudresourcemanager.googleapis.com/v1/projects [none]
[debug] [2023-07-18T20:11:43.445Z] >>> [apiv2][body] POST https://cloudresourcemanager.googleapis.com/v1/projects {"projectId":"CarBonesLaunch","name":"carboneslaunch"}
[debug] [2023-07-18T20:11:44.643Z] <<< [apiv2][status] POST https://cloudresourcemanager.googleapis.com/v1/projects 401
[debug] [2023-07-18T20:11:44.643Z] <<< [apiv2][body] POST https://cloudresourcemanager.googleapis.com/v1/projects {"error":{"code":401,"message":"Request had invalid authentication credentials. Expected OAuth 2 access token, login cookie or other valid authentication credential. See https://developers.google.com/identity/sign-in/web/devconsole-project.","status":"UNAUTHENTICATED","details":[{"@type":"type.googleapis.com/google.rpc.ErrorInfo","reason":"ACCESS_TOKEN_TYPE_UNSUPPORTED","metadata":{"method":"google.cloudresourcemanager.v1.Projects.CreateProject","service":"cloudresourcemanager.googleapis.com"}}]}}
[debug] [2023-07-18T20:11:44.648Z] FirebaseError: HTTP Error: 401, Request had invalid authentication credentials. Expected OAuth 2 access token, login cookie or other valid authentication credential. See https://developers.google.com/identity/sign-in/web/devconsole-project.
    at responseToError (C:\Users\thiba\AppData\Roaming\npm\node_modules\firebase-tools\lib\responseToError.js:49:12)
    at RetryOperation._fn (C:\Users\thiba\AppData\Roaming\npm\node_modules\firebase-tools\lib\apiv2.js:289:77)
    at process.processTicksAndRejections (node:internal/process/task_queues:95:5)
[error] 
[error] Error: Failed to create project. See firebase-debug.log for more info.
